<?xml version="1.0" encoding="UTF-8"?>
<!-- Generated by org.testng.reporters.JUnitReportReporter -->
<testsuite skipped="0" hostname="DLLA28P3273" name="basicTatoc.Tatoc_TestNG_File" tests="5" failures="0" timestamp="2020-02-04T18:10:53 IST" time="14.750" errors="0">
  <testcase name="gridGate" time="0.736" classname="basicTatoc.Tatoc_TestNG_File"/>
  <testcase name="frameDungeon" time="11.564" classname="basicTatoc.Tatoc_TestNG_File"/>
  <testcase name="dragAround" time="0.495" classname="basicTatoc.Tatoc_TestNG_File"/>
  <testcase name="popupWindows" time="1.579" classname="basicTatoc.Tatoc_TestNG_File"/>
  <testcase name="cookieHandling" time="0.376" classname="basicTatoc.Tatoc_TestNG_File"/>
</testsuite> <!-- basicTatoc.Tatoc_TestNG_File -->
