<?xml version="1.0" encoding="UTF-8"?>
<!-- Generated by org.testng.reporters.JUnitReportReporter -->
<testsuite skipped="5" hostname="DLLA28P3273" name="basicTatoc.Tatoc_TestNG_FileTest" tests="5" failures="0" timestamp="2020-02-04T19:43:04 IST" time="0.000" errors="0">
  <testcase name="gridGate" time="0.000" classname="basicTatoc.Tatoc_TestNG_FileTest">
    <skipped/>
  </testcase> <!-- gridGate -->
  <testcase name="frameDungeon" time="0.000" classname="basicTatoc.Tatoc_TestNG_FileTest">
    <skipped/>
  </testcase> <!-- frameDungeon -->
  <testcase name="dragAround" time="0.000" classname="basicTatoc.Tatoc_TestNG_FileTest">
    <skipped/>
  </testcase> <!-- dragAround -->
  <testcase name="popupWindows" time="0.000" classname="basicTatoc.Tatoc_TestNG_FileTest">
    <skipped/>
  </testcase> <!-- popupWindows -->
  <testcase name="cookieHandling" time="0.000" classname="basicTatoc.Tatoc_TestNG_FileTest">
    <skipped/>
  </testcase> <!-- cookieHandling -->
</testsuite> <!-- basicTatoc.Tatoc_TestNG_FileTest -->
